/*C22*/SET SCHEMA PUBLIC
DISCONNECT
/*C23*/SET SCHEMA PUBLIC
DISCONNECT
/*C24*/SET SCHEMA PUBLIC
DISCONNECT
/*C25*/SET SCHEMA META
INSERT INTO FILES VALUES(251,113,1,2,NULL,NULL)
COMMIT
SET SCHEMA PUBLIC
DISCONNECT
/*C26*/SET SCHEMA PUBLIC
DISCONNECT
/*C27*/SET SCHEMA PUBLIC
DISCONNECT
/*C28*/SET SCHEMA PUBLIC
DISCONNECT
/*C29*/SET SCHEMA META
DELETE FROM FILES WHERE ID=244
INSERT INTO FILES VALUES(244,113,1,1,'The Cat Returns','Wonderful story of cats being cats and everyone loving them. Hooray!')
COMMIT
SET SCHEMA PUBLIC
DISCONNECT
/*C30*/SET SCHEMA PUBLIC
DISCONNECT
/*C31*/SET SCHEMA META
DELETE FROM FILES WHERE ID=251
INSERT INTO FILES VALUES(251,113,1,2,'The Cat Returns 2','Wonderful story of cats being cats and everyone loving them. Hooray! For the second time')
COMMIT
SET SCHEMA PUBLIC
DISCONNECT
/*C32*/SET SCHEMA META
DELETE FROM FILES WHERE ID=246
INSERT INTO FILES VALUES(246,113,1,3,'The Cat Returns 3','Wonderful story of cats being cats and everyone loving them. Hooray! Got tired of this')
COMMIT
SET SCHEMA PUBLIC
DISCONNECT
/*C33*/SET SCHEMA PUBLIC
DISCONNECT
/*C34*/SET SCHEMA PUBLIC
DISCONNECT
/*C35*/SET SCHEMA PUBLIC
DISCONNECT
/*C36*/SET SCHEMA PUBLIC
DISCONNECT
/*C37*/SET SCHEMA PUBLIC
DISCONNECT
/*C38*/SET SCHEMA META
DELETE FROM FILES WHERE ID=251
COMMIT
SET SCHEMA PUBLIC
DISCONNECT
/*C39*/SET SCHEMA PUBLIC
DISCONNECT
/*C40*/SET SCHEMA PUBLIC
DISCONNECT
/*C41*/SET SCHEMA PUBLIC
DISCONNECT
